[2025-06-22 16:07:38] INFO: Updating label with image: CARPET
[2025-06-22 16:07:38] INFO: Updating label with image: LAMP
[2025-06-22 16:07:38] INFO: Updating label with image: LAMP
[2025-06-22 16:07:38] INFO: Updating label with image: SCORPION
[2025-06-22 16:07:38] INFO: Updating label with image: CAMEL
[2025-06-22 16:07:38] INFO: Updating label with image: CAMEL
[2025-06-22 16:07:38] INFO: Updating label with image: CARPET
[2025-06-22 16:07:38] INFO: Updating label with image: CAMEL
[2025-06-22 16:07:38] INFO: Updating label with image: SCORPION
[2025-06-22 16:07:38] INFO: Updating label with image: CAMEL
[2025-06-22 16:07:38] INFO: Updating label with image: GENIE
[2025-06-22 16:07:39] INFO: Updating label with image: CAMEL
[2025-06-22 16:07:39] INFO: Updating label with image: MOON
[2025-06-22 16:07:39] INFO: Updating label with image: COIN
[2025-06-22 16:07:39] INFO: Updating label with image: GENIE
[2025-06-22 16:07:39] INFO: Updating label with image: CAMEL
[2025-06-22 16:07:39] INFO: Updating label with image: MOON
[2025-06-22 16:07:39] INFO: Updating label with image: MOON
[2025-06-22 16:07:39] INFO: Updating label with image: MOON
[2025-06-22 16:07:39] INFO: Updating label with image: MOON
[2025-06-22 16:07:39] INFO: Updating label with image: LAMP
[2025-06-22 16:07:39] INFO: Updating label with image: COIN
[2025-06-22 16:07:39] INFO: Updating label with image: COIN
[2025-06-22 16:07:39] INFO: Updating label with image: CAMEL
[2025-06-22 16:07:39] INFO: Updating label with image: MOON
[2025-06-22 16:07:39] INFO: Updating label with image: SCORPION
[2025-06-22 16:07:39] INFO: Updating label with image: MOON
[2025-06-22 16:07:40] INFO: Updating label with image: LAMP
[2025-06-22 16:07:40] INFO: Updating label with image: LAMP
[2025-06-22 16:07:40] INFO: Updating label with image: SCORPION
[2025-06-22 16:07:40] INFO: Updating label with image: MOON
[2025-06-22 16:07:40] INFO: Updating label with image: MOON
[2025-06-22 16:07:40] INFO: Updating label with image: PALACE
[2025-06-22 16:07:44] INFO: Updating label with image: PALACE
[2025-06-22 16:07:44] INFO: Updating label with image: GENIE
[2025-06-22 16:07:45] INFO: Updating label with image: COIN
[2025-06-22 16:07:45] INFO: Updating label with image: COIN
[2025-06-22 16:07:45] INFO: Updating label with image: MOON
[2025-06-22 16:07:45] INFO: Updating label with image: CAMEL
[2025-06-22 16:07:45] INFO: Updating label with image: COIN
[2025-06-22 16:07:45] INFO: Updating label with image: GENIE
[2025-06-22 16:07:45] INFO: Updating label with image: MOON
[2025-06-22 16:07:45] INFO: Updating label with image: GENIE
[2025-06-22 16:07:45] INFO: Updating label with image: CARPET
[2025-06-22 16:07:45] INFO: Updating label with image: COIN
[2025-06-22 16:07:45] INFO: Updating label with image: CARPET
[2025-06-22 16:07:45] INFO: Updating label with image: COIN
[2025-06-22 16:07:45] INFO: Updating label with image: COIN
[2025-06-22 16:07:45] INFO: Updating label with image: CAMEL
[2025-06-22 16:07:45] INFO: Updating label with image: GENIE
[2025-06-22 16:07:45] INFO: Updating label with image: CARPET
[2025-06-22 16:07:45] INFO: Updating label with image: GENIE
[2025-06-22 16:07:46] INFO: Updating label with image: LAMP
[2025-06-22 16:07:46] INFO: Updating label with image: PALACE
[2025-06-22 16:07:46] INFO: Updating label with image: SCORPION
[2025-06-22 16:07:46] INFO: Updating label with image: GENIE
[2025-06-22 16:07:46] INFO: Updating label with image: COIN
[2025-06-22 16:07:46] INFO: Updating label with image: SCORPION
[2025-06-22 16:07:46] INFO: Updating label with image: COIN
[2025-06-22 16:07:46] INFO: Updating label with image: CAMEL
[2025-06-22 16:07:46] INFO: Updating label with image: LAMP
[2025-06-22 16:07:46] INFO: Updating label with image: CARPET
[2025-06-22 16:07:46] INFO: Updating label with image: COIN
[2025-06-22 16:07:46] INFO: Updating label with image: COIN
[2025-06-22 16:07:46] INFO: Updating label with image: CARPET
[2025-06-22 16:07:46] INFO: Updating label with image: CARPET
[2025-06-22 16:08:24] INFO: Updating label with image: GENIE
[2025-06-22 16:08:24] INFO: Updating label with image: COIN
[2025-06-22 16:08:24] INFO: Updating label with image: PALACE
[2025-06-22 16:08:24] INFO: Updating label with image: CARPET
[2025-06-22 16:08:24] INFO: Updating label with image: CAMEL
[2025-06-22 16:08:24] INFO: Updating label with image: PALACE
[2025-06-22 16:08:24] INFO: Updating label with image: CAMEL
[2025-06-22 16:08:24] INFO: Updating label with image: LAMP
[2025-06-22 16:08:24] INFO: Updating label with image: LAMP
[2025-06-22 16:08:24] INFO: Updating label with image: CAMEL
[2025-06-22 16:08:24] INFO: Updating label with image: MOON
[2025-06-22 16:08:25] INFO: Updating label with image: CAMEL
[2025-06-22 16:08:25] INFO: Updating label with image: PALACE
[2025-06-22 16:08:25] INFO: Updating label with image: SCORPION
[2025-06-22 16:08:25] INFO: Updating label with image: CAMEL
[2025-06-22 16:08:25] INFO: Updating label with image: PALACE
[2025-06-22 16:08:25] INFO: Updating label with image: PALACE
[2025-06-22 16:08:25] INFO: Updating label with image: COIN
[2025-06-22 16:08:25] INFO: Updating label with image: PALACE
[2025-06-22 16:08:25] INFO: Updating label with image: LAMP
[2025-06-22 16:08:25] INFO: Updating label with image: PALACE
[2025-06-22 16:08:25] INFO: Updating label with image: MOON
[2025-06-22 16:08:25] INFO: Updating label with image: CARPET
[2025-06-22 16:08:25] INFO: Updating label with image: LAMP
[2025-06-22 16:08:25] INFO: Updating label with image: PALACE
[2025-06-22 16:08:25] INFO: Updating label with image: LAMP
[2025-06-22 16:08:25] INFO: Updating label with image: SCORPION
[2025-06-22 16:08:26] INFO: Updating label with image: GENIE
[2025-06-22 16:08:26] INFO: Updating label with image: SCORPION
[2025-06-22 16:08:26] INFO: Updating label with image: SCORPION
[2025-06-22 16:08:26] INFO: Updating label with image: PALACE
[2025-06-22 16:08:26] INFO: Updating label with image: PALACE
[2025-06-22 16:08:26] INFO: Updating label with image: CARPET
